g:\vscode\macrothing\build\macrocreator.dir\debug\vc143.pdb
g:\vscode\macrothing\build\macrocreator.dir\debug\abort.obj
g:\vscode\macrothing\build\macrocreator.dir\debug\instruction.obj
g:\vscode\macrothing\build\macrocreator.dir\debug\main.obj
g:\vscode\macrothing\build\macrocreator.dir\debug\waitableinstruction.obj
g:\vscode\macrothing\build\macrocreator.dir\debug\loop.obj
g:\vscode\macrothing\build\macrocreator.dir\debug\keyboardpress.obj
g:\vscode\macrothing\build\macrocreator.dir\debug\sendinputinstruction.obj
g:\vscode\macrothing\build\macrocreator.dir\debug\wait.obj
g:\vscode\macrothing\build\macrocreator.dir\debug\keycodes.obj
g:\vscode\macrothing\build\cmakefiles\generate.stamp
g:\vscode\macrothing\build\debug\macrocreator.exe
g:\vscode\macrothing\build\macrocreator.dir\debug\macrocreator.ilk
g:\vscode\macrothing\build\debug\macrocreator.pdb
g:\vscode\macrothing\build\macrocreator.dir\debug\keyscans.obj
g:\vscode\macrothing\build\macrocreator.dir\debug\macrocreator.tlog\cl.command.1.tlog
g:\vscode\macrothing\build\macrocreator.dir\debug\macrocreator.tlog\cl.items.tlog
g:\vscode\macrothing\build\macrocreator.dir\debug\macrocreator.tlog\cl.read.1.tlog
g:\vscode\macrothing\build\macrocreator.dir\debug\macrocreator.tlog\cl.write.1.tlog
g:\vscode\macrothing\build\macrocreator.dir\debug\macrocreator.tlog\custombuild.command.1.tlog
g:\vscode\macrothing\build\macrocreator.dir\debug\macrocreator.tlog\custombuild.read.1.tlog
g:\vscode\macrothing\build\macrocreator.dir\debug\macrocreator.tlog\custombuild.write.1.tlog
g:\vscode\macrothing\build\macrocreator.dir\debug\macrocreator.tlog\link.command.1.tlog
g:\vscode\macrothing\build\macrocreator.dir\debug\macrocreator.tlog\link.read.1.tlog
g:\vscode\macrothing\build\macrocreator.dir\debug\macrocreator.tlog\link.write.1.tlog
